<?xml version="1.0" encoding="utf-8"?><testsuites><testsuite name="pytest" errors="0" failures="0" skipped="0" tests="9" time="2.216" timestamp="2024-11-24T08:01:57.178602+00:00" hostname="fv-az1490-131"><testcase classname="tests.test_database" name="test_database_init_success" time="0.004" /><testcase classname="tests.test_database" name="test_database_init_missing_env_vars" time="0.003" /><testcase classname="tests.test_database" name="test_database_init_connection_error" time="0.006" /><testcase classname="tests.test_database" name="test_database_init_pytest_true" time="0.003" /><testcase classname="tests.test_database" name="test_database_init_pytest_false" time="0.002" /><testcase classname="tests.test_user" name="test_create_user" time="0.113" /><testcase classname="tests.test_user" name="test_get_user" time="0.019" /><testcase classname="tests.test_user" name="test_delete_user" time="0.028" /><testcase classname="tests.test_version" name="test_get_version" time="0.003" /></testsuite></testsuites>