============================= test session starts ==============================
platform linux -- Python 3.12.7, pytest-8.3.3, pluggy-1.5.0
rootdir: /home/runner/work/fastapi-template/fastapi-template
configfile: pytest.ini
plugins: anyio-4.6.2.post1, cov-6.0.0, mock-3.14.0
collected 22 items

tests/test_database.py .................                                 [ 77%]
tests/test_user.py ....                                                  [ 95%]
tests/test_version.py .                                                  [100%]

=============================== warnings summary ===============================
../../../../../opt/hostedtoolcache/Python/3.12.7/x64/lib/python3.12/site-packages/_pytest/config/__init__.py:1441
  /opt/hostedtoolcache/Python/3.12.7/x64/lib/python3.12/site-packages/_pytest/config/__init__.py:1441: PytestConfigWarning: Unknown config option: env
  
    self._warn_or_fail_if_strict(f"Unknown config option: {key}\n")

database/models.py:26
  /home/runner/work/fastapi-template/fastapi-template/database/models.py:26: MovedIn20Warning: The ``declarative_base()`` function is now available as sqlalchemy.orm.declarative_base(). (deprecated since: 2.0) (Background on SQLAlchemy 2.0 at: https://sqlalche.me/e/b8d9)
    Base: Any = declarative_base()

-- Docs: https://docs.pytest.org/en/stable/how-to/capture-warnings.html
- generated xml file: /home/runner/work/fastapi-template/fastapi-template/pytest.xml -

---------- coverage: platform linux, python 3.12.7-final-0 -----------
Name    Stmts   Miss Branch BrPart  Cover   Missing
---------------------------------------------------
TOTAL     157      0     26      0   100%

12 files skipped due to complete coverage.

======================== 22 passed, 2 warnings in 2.21s ========================
